#-----------------------------------------------------------
# Vivado v2018.3 (64-bit)
# SW Build 2405991 on Thu Dec  6 23:38:27 MST 2018
# IP Build 2404404 on Fri Dec  7 01:43:56 MST 2018
# Start of session at: Fri Jul 31 12:21:36 2020
# Process ID: 904
# Current directory: D:/summer project/improve/Combine
# Command line: vivado.exe -gui_launcher_event rodinguilauncherevent18944 D:\summer project\improve\Combine\UART_Demo.xpr
# Log file: D:/summer project/improve/Combine/vivado.log
# Journal file: D:/summer project/improve/Combine\vivado.jou
#-----------------------------------------------------------
start_gui
open_project {D:/summer project/improve/Combine/UART_Demo.xpr}
INFO: [Project 1-313] Project file moved from 'D:/summer project/improve/UART_Demo' since last save.
Scanning sources...
Finished scanning sources
INFO: [IP_Flow 19-234] Refreshing IP repositories
INFO: [IP_Flow 19-1704] No user IP repositories specified
INFO: [IP_Flow 19-2313] Loaded Vivado IP repository 'D:/xilinx/Vivado/2018.3/data/ip'.
open_project: Time (s): cpu = 00:00:17 ; elapsed = 00:00:12 . Memory (MB): peak = 787.820 ; gain = 185.660
update_compile_order -fileset sources_1
close [ open {D:/summer project/improve/Combine/UART_Demo.srcs/sources_1/new/director.v} w ]
add_files {{D:/summer project/improve/Combine/UART_Demo.srcs/sources_1/new/director.v}}
update_compile_order -fileset sources_1
update_compile_order -fileset sources_1
reset_run synth_1
launch_runs impl_1 -to_step write_bitstream -jobs 2
INFO: [Vivado 12-4149] The synthesis checkpoint for IP 'D:/summer project/improve/Combine/UART_Demo.srcs/sources_1/ip/clk_wiz_0_3/clk_wiz_0.xci' is already up-to-date
[Fri Jul 31 13:34:41 2020] Launched synth_1...
Run output will be captured here: D:/summer project/improve/Combine/UART_Demo.runs/synth_1/runme.log
[Fri Jul 31 13:34:41 2020] Launched impl_1...
Run output will be captured here: D:/summer project/improve/Combine/UART_Demo.runs/impl_1/runme.log
reset_run synth_1
launch_runs impl_1 -to_step write_bitstream -jobs 2
INFO: [Vivado 12-4149] The synthesis checkpoint for IP 'D:/summer project/improve/Combine/UART_Demo.srcs/sources_1/ip/clk_wiz_0_3/clk_wiz_0.xci' is already up-to-date
[Fri Jul 31 13:47:04 2020] Launched synth_1...
Run output will be captured here: D:/summer project/improve/Combine/UART_Demo.runs/synth_1/runme.log
[Fri Jul 31 13:47:04 2020] Launched impl_1...
Run output will be captured here: D:/summer project/improve/Combine/UART_Demo.runs/impl_1/runme.log
reset_run synth_1
launch_runs impl_1 -to_step write_bitstream -jobs 2
INFO: [Vivado 12-4149] The synthesis checkpoint for IP 'D:/summer project/improve/Combine/UART_Demo.srcs/sources_1/ip/clk_wiz_0_3/clk_wiz_0.xci' is already up-to-date
[Fri Jul 31 13:58:21 2020] Launched synth_1...
Run output will be captured here: D:/summer project/improve/Combine/UART_Demo.runs/synth_1/runme.log
[Fri Jul 31 13:58:21 2020] Launched impl_1...
Run output will be captured here: D:/summer project/improve/Combine/UART_Demo.runs/impl_1/runme.log
reset_run synth_1
launch_runs impl_1 -to_step write_bitstream -jobs 2
INFO: [Vivado 12-4149] The synthesis checkpoint for IP 'D:/summer project/improve/Combine/UART_Demo.srcs/sources_1/ip/clk_wiz_0_3/clk_wiz_0.xci' is already up-to-date
[Fri Jul 31 14:07:13 2020] Launched synth_1...
Run output will be captured here: D:/summer project/improve/Combine/UART_Demo.runs/synth_1/runme.log
[Fri Jul 31 14:07:13 2020] Launched impl_1...
Run output will be captured here: D:/summer project/improve/Combine/UART_Demo.runs/impl_1/runme.log
reset_run synth_1
launch_runs impl_1 -to_step write_bitstream -jobs 2
INFO: [Vivado 12-4149] The synthesis checkpoint for IP 'D:/summer project/improve/Combine/UART_Demo.srcs/sources_1/ip/clk_wiz_0_3/clk_wiz_0.xci' is already up-to-date
[Fri Jul 31 14:45:35 2020] Launched synth_1...
Run output will be captured here: D:/summer project/improve/Combine/UART_Demo.runs/synth_1/runme.log
[Fri Jul 31 14:45:35 2020] Launched impl_1...
Run output will be captured here: D:/summer project/improve/Combine/UART_Demo.runs/impl_1/runme.log
exit
INFO: [Common 17-206] Exiting Vivado at Fri Jul 31 14:48:04 2020...
