#-----------------------------------------------------------
# Vivado v2018.3 (64-bit)
# SW Build 2405991 on Thu Dec  6 23:38:27 MST 2018
# IP Build 2404404 on Fri Dec  7 01:43:56 MST 2018
# Start of session at: Sat Aug  1 00:52:40 2020
# Process ID: 6048
# Current directory: D:/summer project/improve/Combine
# Command line: vivado.exe -gui_launcher_event rodinguilauncherevent21236 D:\summer project\improve\Combine\UART_Demo.xpr
# Log file: D:/summer project/improve/Combine/vivado.log
# Journal file: D:/summer project/improve/Combine\vivado.jou
#-----------------------------------------------------------
start_gui
open_project {D:/summer project/improve/Combine/UART_Demo.xpr}
Scanning sources...
Finished scanning sources
INFO: [IP_Flow 19-234] Refreshing IP repositories
INFO: [IP_Flow 19-1704] No user IP repositories specified
INFO: [IP_Flow 19-2313] Loaded Vivado IP repository 'D:/xilinx/Vivado/2018.3/data/ip'.
open_project: Time (s): cpu = 00:00:19 ; elapsed = 00:00:26 . Memory (MB): peak = 768.082 ; gain = 190.902
update_compile_order -fileset sources_1
